{"/home/pablo/Documents/Programming/MERN/alkemy-javascript/server/server.js": {"path":"/home/pablo/Documents/Programming/MERN/alkemy-javascript/server/server.js","statementMap":{"0":{"start":{"line":1,"column":12},"end":{"line":1,"column":32}},"1":{"start":{"line":2,"column":0},"end":{"line":2,"column":26}},"2":{"start":{"line":3,"column":19},"end":{"line":3,"column":49}},"3":{"start":{"line":4,"column":26},"end":{"line":4,"column":64}},"4":{"start":{"line":5,"column":25},"end":{"line":5,"column":61}},"5":{"start":{"line":7,"column":0},"end":{"line":7,"column":32}},"6":{"start":{"line":8,"column":0},"end":{"line":8,"column":47}},"7":{"start":{"line":9,"column":0},"end":{"line":9,"column":44}},"8":{"start":{"line":11,"column":15},"end":{"line":13,"column":1}},"9":{"start":{"line":12,"column":1},"end":{"line":12,"column":66}},"10":{"start":{"line":15,"column":0},"end":{"line":15,"column":32}}},"fnMap":{"0":{"name":"(anonymous_0)","decl":{"start":{"line":11,"column":44},"end":{"line":11,"column":45}},"loc":{"start":{"line":12,"column":1},"end":{"line":12,"column":66}},"line":12}},"branchMap":{},"s":{"0":1,"1":1,"2":1,"3":1,"4":1,"5":1,"6":1,"7":1,"8":1,"9":1,"10":1},"f":{"0":1},"b":{},"_coverageSchema":"1a1c01bbd47fc00a2c39e90264f33305004495a9","hash":"c3b80e4c97ac48d779c423d023a55d0d6652ffc3"}
,"/home/pablo/Documents/Programming/MERN/alkemy-javascript/server/controllers/categoriesController.js": {"path":"/home/pablo/Documents/Programming/MERN/alkemy-javascript/server/controllers/categoriesController.js","statementMap":{"0":{"start":{"line":1,"column":17},"end":{"line":1,"column":51}},"1":{"start":{"line":3,"column":15},"end":{"line":10,"column":1}},"2":{"start":{"line":4,"column":1},"end":{"line":9,"column":2}},"3":{"start":{"line":5,"column":21},"end":{"line":5,"column":44}},"4":{"start":{"line":6,"column":2},"end":{"line":6,"column":38}},"5":{"start":{"line":8,"column":2},"end":{"line":8,"column":48}},"6":{"start":{"line":12,"column":0},"end":{"line":14,"column":1}}},"fnMap":{"0":{"name":"(anonymous_0)","decl":{"start":{"line":3,"column":15},"end":{"line":3,"column":16}},"loc":{"start":{"line":3,"column":35},"end":{"line":10,"column":1}},"line":3}},"branchMap":{},"s":{"0":1,"1":1,"2":0,"3":0,"4":0,"5":0,"6":1},"f":{"0":0},"b":{},"_coverageSchema":"1a1c01bbd47fc00a2c39e90264f33305004495a9","hash":"cc773915c343308e2d505d04b621417f1be576e8"}
,"/home/pablo/Documents/Programming/MERN/alkemy-javascript/server/controllers/transactionsController.js": {"path":"/home/pablo/Documents/Programming/MERN/alkemy-javascript/server/controllers/transactionsController.js","statementMap":{"0":{"start":{"line":1,"column":20},"end":{"line":1,"column":57}},"1":{"start":{"line":3,"column":15},"end":{"line":15,"column":1}},"2":{"start":{"line":4,"column":16},"end":{"line":4,"column":24}},"3":{"start":{"line":5,"column":1},"end":{"line":14,"column":2}},"4":{"start":{"line":6,"column":23},"end":{"line":6,"column":51}},"5":{"start":{"line":7,"column":2},"end":{"line":9,"column":4}},"6":{"start":{"line":11,"column":2},"end":{"line":13,"column":4}},"7":{"start":{"line":17,"column":15},"end":{"line":28,"column":1}},"8":{"start":{"line":18,"column":1},"end":{"line":27,"column":2}},"9":{"start":{"line":19,"column":22},"end":{"line":19,"column":61}},"10":{"start":{"line":20,"column":2},"end":{"line":22,"column":4}},"11":{"start":{"line":24,"column":2},"end":{"line":26,"column":4}},"12":{"start":{"line":30,"column":15},"end":{"line":50,"column":1}},"13":{"start":{"line":31,"column":24},"end":{"line":34,"column":2}},"14":{"start":{"line":36,"column":19},"end":{"line":36,"column":66}},"15":{"start":{"line":38,"column":1},"end":{"line":49,"column":2}},"16":{"start":{"line":39,"column":2},"end":{"line":39,"column":50}},"17":{"start":{"line":39,"column":13},"end":{"line":39,"column":50}},"18":{"start":{"line":40,"column":22},"end":{"line":40,"column":62}},"19":{"start":{"line":42,"column":2},"end":{"line":44,"column":4}},"20":{"start":{"line":46,"column":2},"end":{"line":48,"column":4}},"21":{"start":{"line":52,"column":0},"end":{"line":56,"column":1}}},"fnMap":{"0":{"name":"(anonymous_0)","decl":{"start":{"line":3,"column":15},"end":{"line":3,"column":16}},"loc":{"start":{"line":3,"column":35},"end":{"line":15,"column":1}},"line":3},"1":{"name":"(anonymous_1)","decl":{"start":{"line":17,"column":15},"end":{"line":17,"column":16}},"loc":{"start":{"line":17,"column":35},"end":{"line":28,"column":1}},"line":17},"2":{"name":"(anonymous_2)","decl":{"start":{"line":30,"column":15},"end":{"line":30,"column":16}},"loc":{"start":{"line":30,"column":35},"end":{"line":50,"column":1}},"line":30}},"branchMap":{"0":{"loc":{"start":{"line":39,"column":2},"end":{"line":39,"column":50}},"type":"if","locations":[{"start":{"line":39,"column":2},"end":{"line":39,"column":50}},{"start":{},"end":{}}],"line":39}},"s":{"0":1,"1":1,"2":0,"3":0,"4":0,"5":0,"6":0,"7":1,"8":0,"9":0,"10":0,"11":0,"12":1,"13":0,"14":0,"15":0,"16":0,"17":0,"18":0,"19":0,"20":0,"21":1},"f":{"0":0,"1":0,"2":0},"b":{"0":[0,0]},"_coverageSchema":"1a1c01bbd47fc00a2c39e90264f33305004495a9","hash":"73263fb52de49905520f298310e3bc4e5871cac8"}
,"/home/pablo/Documents/Programming/MERN/alkemy-javascript/server/controllers/usersController.js": {"path":"/home/pablo/Documents/Programming/MERN/alkemy-javascript/server/controllers/usersController.js","statementMap":{"0":{"start":{"line":1,"column":13},"end":{"line":1,"column":43}},"1":{"start":{"line":2,"column":12},"end":{"line":2,"column":35}},"2":{"start":{"line":4,"column":20},"end":{"line":8,"column":1}},"3":{"start":{"line":5,"column":1},"end":{"line":7,"column":3}},"4":{"start":{"line":10,"column":17},"end":{"line":17,"column":1}},"5":{"start":{"line":11,"column":1},"end":{"line":16,"column":2}},"6":{"start":{"line":12,"column":16},"end":{"line":12,"column":32}},"7":{"start":{"line":13,"column":2},"end":{"line":13,"column":29}},"8":{"start":{"line":15,"column":2},"end":{"line":15,"column":33}},"9":{"start":{"line":19,"column":18},"end":{"line":39,"column":1}},"10":{"start":{"line":20,"column":19},"end":{"line":20,"column":47}},"11":{"start":{"line":22,"column":1},"end":{"line":38,"column":2}},"12":{"start":{"line":23,"column":2},"end":{"line":23,"column":50}},"13":{"start":{"line":23,"column":13},"end":{"line":23,"column":50}},"14":{"start":{"line":25,"column":35},"end":{"line":25,"column":61}},"15":{"start":{"line":26,"column":16},"end":{"line":26,"column":31}},"16":{"start":{"line":28,"column":2},"end":{"line":33,"column":4}},"17":{"start":{"line":35,"column":2},"end":{"line":37,"column":4}},"18":{"start":{"line":41,"column":19},"end":{"line":66,"column":1}},"19":{"start":{"line":42,"column":19},"end":{"line":42,"column":48}},"20":{"start":{"line":44,"column":1},"end":{"line":65,"column":2}},"21":{"start":{"line":45,"column":2},"end":{"line":45,"column":50}},"22":{"start":{"line":45,"column":13},"end":{"line":45,"column":50}},"23":{"start":{"line":47,"column":35},"end":{"line":47,"column":62}},"24":{"start":{"line":48,"column":16},"end":{"line":48,"column":31}},"25":{"start":{"line":50,"column":2},"end":{"line":55,"column":4}},"26":{"start":{"line":57,"column":2},"end":{"line":64,"column":5}},"27":{"start":{"line":58,"column":3},"end":{"line":60,"column":5}},"28":{"start":{"line":62,"column":3},"end":{"line":64,"column":5}},"29":{"start":{"line":68,"column":0},"end":{"line":72,"column":1}}},"fnMap":{"0":{"name":"(anonymous_0)","decl":{"start":{"line":4,"column":20},"end":{"line":4,"column":21}},"loc":{"start":{"line":4,"column":26},"end":{"line":8,"column":1}},"line":4},"1":{"name":"(anonymous_1)","decl":{"start":{"line":10,"column":17},"end":{"line":10,"column":18}},"loc":{"start":{"line":10,"column":37},"end":{"line":17,"column":1}},"line":10},"2":{"name":"(anonymous_2)","decl":{"start":{"line":19,"column":18},"end":{"line":19,"column":19}},"loc":{"start":{"line":19,"column":38},"end":{"line":39,"column":1}},"line":19},"3":{"name":"(anonymous_3)","decl":{"start":{"line":41,"column":19},"end":{"line":41,"column":20}},"loc":{"start":{"line":41,"column":39},"end":{"line":66,"column":1}},"line":41}},"branchMap":{"0":{"loc":{"start":{"line":23,"column":2},"end":{"line":23,"column":50}},"type":"if","locations":[{"start":{"line":23,"column":2},"end":{"line":23,"column":50}},{"start":{},"end":{}}],"line":23},"1":{"loc":{"start":{"line":45,"column":2},"end":{"line":45,"column":50}},"type":"if","locations":[{"start":{"line":45,"column":2},"end":{"line":45,"column":50}},{"start":{},"end":{}}],"line":45},"2":{"loc":{"start":{"line":57,"column":2},"end":{"line":64,"column":5}},"type":"if","locations":[{"start":{"line":57,"column":2},"end":{"line":64,"column":5}},{"start":{"line":62,"column":3},"end":{"line":64,"column":5}}],"line":57}},"s":{"0":1,"1":1,"2":1,"3":2,"4":1,"5":2,"6":2,"7":2,"8":0,"9":1,"10":0,"11":0,"12":0,"13":0,"14":0,"15":0,"16":0,"17":0,"18":1,"19":4,"20":4,"21":4,"22":2,"23":2,"24":2,"25":0,"26":4,"27":0,"28":4,"29":1},"f":{"0":2,"1":2,"2":0,"3":4},"b":{"0":[0,0],"1":[2,2],"2":[0,4]},"_coverageSchema":"1a1c01bbd47fc00a2c39e90264f33305004495a9","hash":"515f26d310481022fa369ceb60fbe1aa0a59c8cb"}
,"/home/pablo/Documents/Programming/MERN/alkemy-javascript/server/middleware/requireAuth.js": {"path":"/home/pablo/Documents/Programming/MERN/alkemy-javascript/server/middleware/requireAuth.js","statementMap":{"0":{"start":{"line":1,"column":25},"end":{"line":1,"column":50}},"1":{"start":{"line":2,"column":12},"end":{"line":2,"column":35}},"2":{"start":{"line":3,"column":0},"end":{"line":3,"column":26}},"3":{"start":{"line":5,"column":15},"end":{"line":5,"column":33}},"4":{"start":{"line":7,"column":20},"end":{"line":22,"column":1}},"5":{"start":{"line":8,"column":27},"end":{"line":8,"column":38}},"6":{"start":{"line":10,"column":1},"end":{"line":11,"column":72}},"7":{"start":{"line":11,"column":2},"end":{"line":11,"column":72}},"8":{"start":{"line":13,"column":15},"end":{"line":13,"column":45}},"9":{"start":{"line":15,"column":1},"end":{"line":21,"column":2}},"10":{"start":{"line":16,"column":17},"end":{"line":16,"column":54}},"11":{"start":{"line":17,"column":2},"end":{"line":17,"column":60}},"12":{"start":{"line":18,"column":2},"end":{"line":18,"column":8}},"13":{"start":{"line":20,"column":2},"end":{"line":20,"column":62}},"14":{"start":{"line":24,"column":0},"end":{"line":24,"column":28}}},"fnMap":{"0":{"name":"(anonymous_0)","decl":{"start":{"line":7,"column":20},"end":{"line":7,"column":21}},"loc":{"start":{"line":7,"column":46},"end":{"line":22,"column":1}},"line":7}},"branchMap":{"0":{"loc":{"start":{"line":10,"column":1},"end":{"line":11,"column":72}},"type":"if","locations":[{"start":{"line":10,"column":1},"end":{"line":11,"column":72}},{"start":{},"end":{}}],"line":10}},"s":{"0":1,"1":1,"2":1,"3":1,"4":1,"5":0,"6":0,"7":0,"8":0,"9":0,"10":0,"11":0,"12":0,"13":0,"14":1},"f":{"0":0},"b":{"0":[0,0]},"_coverageSchema":"1a1c01bbd47fc00a2c39e90264f33305004495a9","hash":"ccd8d7c37563d58cd79458246937e8dfd4a5b48b"}
,"/home/pablo/Documents/Programming/MERN/alkemy-javascript/server/models/categoryModel.js": {"path":"/home/pablo/Documents/Programming/MERN/alkemy-javascript/server/models/categoryModel.js","statementMap":{"0":{"start":{"line":1,"column":25},"end":{"line":1,"column":50}},"1":{"start":{"line":3,"column":15},"end":{"line":3,"column":33}},"2":{"start":{"line":6,"column":21},"end":{"line":6,"column":53}},"3":{"start":{"line":7,"column":2},"end":{"line":7,"column":19}},"4":{"start":{"line":11,"column":0},"end":{"line":11,"column":25}}},"fnMap":{"0":{"name":"(anonymous_0)","decl":{"start":{"line":5,"column":1},"end":{"line":5,"column":2}},"loc":{"start":{"line":5,"column":23},"end":{"line":8,"column":2}},"line":5}},"branchMap":{},"s":{"0":1,"1":1,"2":0,"3":0,"4":1},"f":{"0":0},"b":{},"_coverageSchema":"1a1c01bbd47fc00a2c39e90264f33305004495a9","hash":"e8f3e85aa75ee2a14783cb2087a1726d92f5514c"}
,"/home/pablo/Documents/Programming/MERN/alkemy-javascript/server/models/transactionModel.js": {"path":"/home/pablo/Documents/Programming/MERN/alkemy-javascript/server/models/transactionModel.js","statementMap":{"0":{"start":{"line":1,"column":25},"end":{"line":1,"column":50}},"1":{"start":{"line":2,"column":12},"end":{"line":2,"column":26}},"2":{"start":{"line":4,"column":15},"end":{"line":4,"column":33}},"3":{"start":{"line":8,"column":23},"end":{"line":22,"column":4}},"4":{"start":{"line":23,"column":2},"end":{"line":23,"column":21}},"5":{"start":{"line":27,"column":28},"end":{"line":29,"column":4}},"6":{"start":{"line":31,"column":2},"end":{"line":31,"column":26}},"7":{"start":{"line":35,"column":40},"end":{"line":35,"column":51}},"8":{"start":{"line":37,"column":21},"end":{"line":41,"column":4}},"9":{"start":{"line":43,"column":25},"end":{"line":51,"column":4}},"10":{"start":{"line":53,"column":2},"end":{"line":53,"column":23}},"11":{"start":{"line":57,"column":17},"end":{"line":64,"column":4}},"12":{"start":{"line":65,"column":2},"end":{"line":65,"column":37}},"13":{"start":{"line":69,"column":0},"end":{"line":69,"column":28}}},"fnMap":{"0":{"name":"(anonymous_0)","decl":{"start":{"line":7,"column":1},"end":{"line":7,"column":2}},"loc":{"start":{"line":7,"column":25},"end":{"line":24,"column":2}},"line":7},"1":{"name":"(anonymous_1)","decl":{"start":{"line":26,"column":1},"end":{"line":26,"column":2}},"loc":{"start":{"line":26,"column":25},"end":{"line":32,"column":2}},"line":26},"2":{"name":"(anonymous_2)","decl":{"start":{"line":34,"column":1},"end":{"line":34,"column":2}},"loc":{"start":{"line":34,"column":34},"end":{"line":54,"column":2}},"line":34},"3":{"name":"(anonymous_3)","decl":{"start":{"line":56,"column":1},"end":{"line":56,"column":2}},"loc":{"start":{"line":56,"column":41},"end":{"line":66,"column":2}},"line":56}},"branchMap":{},"s":{"0":1,"1":1,"2":1,"3":0,"4":0,"5":0,"6":0,"7":0,"8":0,"9":0,"10":0,"11":0,"12":0,"13":1},"f":{"0":0,"1":0,"2":0,"3":0},"b":{},"_coverageSchema":"1a1c01bbd47fc00a2c39e90264f33305004495a9","hash":"f20993de4c064bfd9d6f335e2cada0341116630f"}
,"/home/pablo/Documents/Programming/MERN/alkemy-javascript/server/models/userModel.js": {"path":"/home/pablo/Documents/Programming/MERN/alkemy-javascript/server/models/userModel.js","statementMap":{"0":{"start":{"line":1,"column":25},"end":{"line":1,"column":50}},"1":{"start":{"line":2,"column":12},"end":{"line":2,"column":26}},"2":{"start":{"line":3,"column":15},"end":{"line":3,"column":32}},"3":{"start":{"line":4,"column":0},"end":{"line":4,"column":26}},"4":{"start":{"line":6,"column":15},"end":{"line":6,"column":33}},"5":{"start":{"line":10,"column":2},"end":{"line":10,"column":39}},"6":{"start":{"line":14,"column":2},"end":{"line":14,"column":34}},"7":{"start":{"line":18,"column":15},"end":{"line":18,"column":39}},"8":{"start":{"line":19,"column":15},"end":{"line":19,"column":53}},"9":{"start":{"line":21,"column":18},"end":{"line":27,"column":4}},"10":{"start":{"line":29,"column":2},"end":{"line":29,"column":16}},"11":{"start":{"line":33,"column":20},"end":{"line":35,"column":4}},"12":{"start":{"line":36,"column":2},"end":{"line":36,"column":53}},"13":{"start":{"line":36,"column":18},"end":{"line":36,"column":53}},"14":{"start":{"line":38,"column":16},"end":{"line":38,"column":71}},"15":{"start":{"line":39,"column":2},"end":{"line":39,"column":49}},"16":{"start":{"line":39,"column":14},"end":{"line":39,"column":49}},"17":{"start":{"line":41,"column":2},"end":{"line":41,"column":18}},"18":{"start":{"line":45,"column":17},"end":{"line":50,"column":4}},"19":{"start":{"line":51,"column":2},"end":{"line":51,"column":30}},"20":{"start":{"line":55,"column":17},"end":{"line":58,"column":4}},"21":{"start":{"line":59,"column":2},"end":{"line":59,"column":30}},"22":{"start":{"line":63,"column":0},"end":{"line":63,"column":21}}},"fnMap":{"0":{"name":"(anonymous_0)","decl":{"start":{"line":9,"column":1},"end":{"line":9,"column":2}},"loc":{"start":{"line":9,"column":20},"end":{"line":11,"column":2}},"line":9},"1":{"name":"(anonymous_1)","decl":{"start":{"line":13,"column":1},"end":{"line":13,"column":2}},"loc":{"start":{"line":13,"column":23},"end":{"line":15,"column":2}},"line":13},"2":{"name":"(anonymous_2)","decl":{"start":{"line":17,"column":1},"end":{"line":17,"column":2}},"loc":{"start":{"line":17,"column":27},"end":{"line":30,"column":2}},"line":17},"3":{"name":"(anonymous_3)","decl":{"start":{"line":32,"column":1},"end":{"line":32,"column":2}},"loc":{"start":{"line":32,"column":26},"end":{"line":42,"column":2}},"line":32},"4":{"name":"(anonymous_4)","decl":{"start":{"line":44,"column":1},"end":{"line":44,"column":2}},"loc":{"start":{"line":44,"column":29},"end":{"line":52,"column":2}},"line":44},"5":{"name":"(anonymous_5)","decl":{"start":{"line":54,"column":1},"end":{"line":54,"column":2}},"loc":{"start":{"line":54,"column":28},"end":{"line":60,"column":2}},"line":54}},"branchMap":{"0":{"loc":{"start":{"line":36,"column":2},"end":{"line":36,"column":53}},"type":"if","locations":[{"start":{"line":36,"column":2},"end":{"line":36,"column":53}},{"start":{},"end":{}}],"line":36},"1":{"loc":{"start":{"line":39,"column":2},"end":{"line":39,"column":49}},"type":"if","locations":[{"start":{"line":39,"column":2},"end":{"line":39,"column":49}},{"start":{},"end":{}}],"line":39}},"s":{"0":1,"1":1,"2":1,"3":1,"4":1,"5":2,"6":5,"7":12,"8":12,"9":12,"10":12,"11":0,"12":0,"13":0,"14":0,"15":0,"16":0,"17":0,"18":4,"19":4,"20":0,"21":0,"22":1},"f":{"0":2,"1":5,"2":12,"3":0,"4":4,"5":0},"b":{"0":[0,0],"1":[0,0]},"_coverageSchema":"1a1c01bbd47fc00a2c39e90264f33305004495a9","hash":"bcc79334c121e491e7a0a4e757296c2bc35694cb"}
,"/home/pablo/Documents/Programming/MERN/alkemy-javascript/server/routes/categoriesRoutes.js": {"path":"/home/pablo/Documents/Programming/MERN/alkemy-javascript/server/routes/categoriesRoutes.js","statementMap":{"0":{"start":{"line":1,"column":16},"end":{"line":1,"column":34}},"1":{"start":{"line":2,"column":15},"end":{"line":2,"column":31}},"2":{"start":{"line":3,"column":20},"end":{"line":3,"column":56}},"3":{"start":{"line":4,"column":19},"end":{"line":4,"column":65}},"4":{"start":{"line":6,"column":0},"end":{"line":6,"column":26}},"5":{"start":{"line":7,"column":0},"end":{"line":7,"column":23}},"6":{"start":{"line":9,"column":0},"end":{"line":9,"column":23}},"7":{"start":{"line":11,"column":0},"end":{"line":11,"column":23}}},"fnMap":{},"branchMap":{},"s":{"0":1,"1":1,"2":1,"3":1,"4":1,"5":1,"6":1,"7":1},"f":{},"b":{},"_coverageSchema":"1a1c01bbd47fc00a2c39e90264f33305004495a9","hash":"04cf6e37e1ffc603c3d3a62d6b8faf3a3a43a630"}
,"/home/pablo/Documents/Programming/MERN/alkemy-javascript/server/routes/transactionsRoutes.js": {"path":"/home/pablo/Documents/Programming/MERN/alkemy-javascript/server/routes/transactionsRoutes.js","statementMap":{"0":{"start":{"line":1,"column":16},"end":{"line":1,"column":34}},"1":{"start":{"line":2,"column":20},"end":{"line":2,"column":56}},"2":{"start":{"line":3,"column":15},"end":{"line":3,"column":31}},"3":{"start":{"line":8,"column":4},"end":{"line":8,"column":52}},"4":{"start":{"line":10,"column":0},"end":{"line":10,"column":26}},"5":{"start":{"line":11,"column":0},"end":{"line":11,"column":23}},"6":{"start":{"line":13,"column":0},"end":{"line":13,"column":23}},"7":{"start":{"line":14,"column":0},"end":{"line":14,"column":29}},"8":{"start":{"line":15,"column":0},"end":{"line":15,"column":24}},"9":{"start":{"line":17,"column":0},"end":{"line":17,"column":23}}},"fnMap":{},"branchMap":{},"s":{"0":1,"1":1,"2":1,"3":1,"4":1,"5":1,"6":1,"7":1,"8":1,"9":1},"f":{},"b":{},"_coverageSchema":"1a1c01bbd47fc00a2c39e90264f33305004495a9","hash":"eac10dcd7a5d34cbf5084496809a10ffc02aabcd"}
,"/home/pablo/Documents/Programming/MERN/alkemy-javascript/server/routes/userRoutes.js": {"path":"/home/pablo/Documents/Programming/MERN/alkemy-javascript/server/routes/userRoutes.js","statementMap":{"0":{"start":{"line":1,"column":16},"end":{"line":1,"column":34}},"1":{"start":{"line":2,"column":15},"end":{"line":2,"column":31}},"2":{"start":{"line":3,"column":44},"end":{"line":3,"column":85}},"3":{"start":{"line":5,"column":0},"end":{"line":5,"column":26}},"4":{"start":{"line":7,"column":0},"end":{"line":7,"column":25}},"5":{"start":{"line":8,"column":0},"end":{"line":8,"column":32}},"6":{"start":{"line":9,"column":0},"end":{"line":9,"column":34}},"7":{"start":{"line":11,"column":0},"end":{"line":11,"column":23}}},"fnMap":{},"branchMap":{},"s":{"0":1,"1":1,"2":1,"3":1,"4":1,"5":1,"6":1,"7":1},"f":{},"b":{},"_coverageSchema":"1a1c01bbd47fc00a2c39e90264f33305004495a9","hash":"8a330accfd82555204d2cd99a48fd22b99927e66"}
,"/home/pablo/Documents/Programming/MERN/alkemy-javascript/server/tests/helpers/helpers.js": {"path":"/home/pablo/Documents/Programming/MERN/alkemy-javascript/server/tests/helpers/helpers.js","statementMap":{"0":{"start":{"line":1,"column":21},"end":{"line":16,"column":1}},"1":{"start":{"line":18,"column":0},"end":{"line":20,"column":1}}},"fnMap":{},"branchMap":{},"s":{"0":1,"1":1},"f":{},"b":{},"_coverageSchema":"1a1c01bbd47fc00a2c39e90264f33305004495a9","hash":"2bcbcc3a30d728dd6dc30eedc9108b15a5f0638e"}
}
